{
  "RSpec": {
    "coverage": {
      "/var/www/crossover-customer-support/app/models/users/admin.rb": [
        1,
        1,
        null,
        1,
        null,
        1,
        null,
        1,
        181,
        null,
        null,
        1,
        2,
        1,
        1,
        null,
        null,
        null
      ],
      "/var/www/crossover-customer-support/app/models/users/agent.rb": [
        1,
        1,
        null,
        1,
        null,
        1,
        null,
        1,
        2,
        null,
        null,
        1,
        null,
        1,
        123,
        null,
        null,
        1,
        3,
        null,
        3,
        null,
        2,
        null,
        2,
        1,
        1,
        null,
        1,
        1,
        1,
        1,
        1,
        null,
        null,
        null,
        1,
        0,
        0,
        null,
        null,
        null,
        null
      ],
      "/var/www/crossover-customer-support/app/models/report.rb": [
        1,
        1,
        1,
        null,
        null,
        null,
        1,
        null,
        null,
        1,
        null,
        1,
        null,
        null,
        1,
        null
      ],
      "/var/www/crossover-customer-support/app/models/application_record.rb": [
        1,
        1,
        null
      ],
      "/var/www/crossover-customer-support/app/models/support_request.rb": [
        1,
        1,
        1,
        null,
        1,
        1,
        1,
        null,
        1,
        1,
        1,
        null,
        null,
        null,
        null,
        null,
        1,
        null,
        null,
        null,
        null,
        null,
        1,
        null,
        null,
        null,
        null,
        null,
        null,
        1,
        1,
        1,
        null,
        1,
        0,
        null,
        null,
        1,
        null,
        1,
        72,
        72,
        null,
        null,
        1,
        null,
        48,
        25,
        null,
        23,
        50,
        null,
        null,
        null,
        1,
        null,
        50,
        1,
        1,
        null,
        1,
        null,
        null,
        null
      ],
      "/var/www/crossover-customer-support/app/models/users/customer.rb": [
        1,
        1,
        null,
        1,
        null,
        1,
        null,
        1,
        273,
        null,
        null
      ],
      "/var/www/crossover-customer-support/app/controllers/application_controller.rb": [
        1,
        1,
        1,
        1,
        null,
        1,
        null
      ],
      "/var/www/crossover-customer-support/app/controllers/users_controller.rb": [
        1,
        1,
        null,
        1,
        1,
        null,
        null,
        1,
        null,
        null,
        null,
        1,
        null,
        1,
        38,
        null,
        null,
        1,
        null,
        38,
        0,
        null,
        null,
        null,
        null,
        null
      ],
      "/var/www/crossover-customer-support/app/controllers/support_requests_controller.rb": [
        1,
        1,
        null,
        1,
        1,
        null,
        null,
        1,
        47,
        45,
        12,
        33,
        2,
        31,
        31,
        null,
        null,
        45,
        null,
        null,
        2,
        1,
        null,
        null,
        1,
        1,
        0,
        null,
        null,
        null,
        null,
        1,
        1,
        null,
        null,
        null,
        1,
        null,
        null,
        null,
        null,
        null,
        null,
        null,
        1,
        null,
        null,
        null,
        null,
        1,
        1,
        1,
        null,
        1,
        1,
        null,
        0,
        null,
        null,
        null,
        null,
        1,
        2,
        2,
        null,
        0,
        null,
        null,
        null,
        1,
        null,
        1,
        6,
        null,
        null,
        6,
        0,
        null,
        null,
        null,
        null,
        null,
        1,
        1,
        0,
        null,
        null,
        null,
        null,
        null,
        null,
        1,
        3,
        null,
        null,
        null,
        null,
        null,
        null,
        null,
        null
      ],
      "/var/www/crossover-customer-support/app/controllers/admins_controller.rb": [
        1,
        1,
        null,
        1,
        1,
        null,
        null,
        1,
        6,
        null,
        null,
        null,
        1,
        null,
        null,
        null,
        null,
        1,
        1,
        null,
        1,
        1,
        null,
        0,
        null,
        null,
        null,
        1,
        1,
        1,
        null,
        0,
        null,
        null,
        null,
        1,
        null,
        1,
        13,
        2,
        null,
        null,
        null,
        null,
        null,
        1,
        4,
        null,
        null,
        null,
        1,
        1,
        null,
        null,
        null,
        null,
        null
      ],
      "/var/www/crossover-customer-support/app/controllers/agents_controller.rb": [
        1,
        1,
        null,
        1,
        1,
        null,
        null,
        1,
        6,
        null,
        null,
        null,
        1,
        null,
        null,
        null,
        null,
        1,
        1,
        null,
        1,
        1,
        null,
        0,
        null,
        null,
        null,
        1,
        1,
        1,
        null,
        0,
        null,
        null,
        null,
        1,
        null,
        1,
        13,
        2,
        null,
        null,
        null,
        null,
        null,
        1,
        4,
        null,
        null,
        null,
        1,
        1,
        null,
        null,
        null,
        null,
        null
      ],
      "/var/www/crossover-customer-support/app/controllers/customers_controller.rb": [
        1,
        1,
        null,
        1,
        1,
        null,
        1,
        2,
        null,
        null,
        1,
        null,
        null,
        1,
        null,
        1,
        5,
        2,
        null,
        null,
        null,
        null,
        null,
        1,
        null,
        0,
        0,
        null,
        null,
        null,
        null,
        null,
        1,
        1,
        null,
        null
      ],
      "/var/www/crossover-customer-support/app/models/users/user.rb": [
        0,
        0,
        0,
        0,
        0,
        0,
        0,
        0,
        0,
        0,
        0,
        0,
        0,
        0,
        0,
        0,
        0,
        0,
        0,
        0,
        0,
        0,
        0,
        0,
        0,
        0,
        0,
        0,
        0,
        0
      ]
    },
    "timestamp": 1486549825
  }
}
